<?xml version="1.0" encoding="UTF-8"?>
<testng-results skipped="0" failed="0" ignored="0" total="3" passed="3">
  <reporter-output>
  </reporter-output>
  <suite name="Default suite" duration-ms="57494" started-at="2018-09-27T19:41:51Z" finished-at="2018-09-27T19:42:48Z">
    <groups>
    </groups>
    <test name="Default test" duration-ms="57494" started-at="2018-09-27T19:41:51Z" finished-at="2018-09-27T19:42:48Z">
      <class name="com.pluralsight.UnitTest">
        <test-method status="PASS" signature="canGoToHomePage()[pri:1, instance:com.pluralsight.UnitTest@224edc67]" name="canGoToHomePage" duration-ms="20516" started-at="2018-09-28T01:11:51Z" finished-at="2018-09-28T01:12:11Z">
          <reporter-output>
          </reporter-output>
        </test-method> <!-- canGoToHomePage -->
        <test-method status="PASS" signature="clean()[pri:0, instance:com.pluralsight.UnitTest@224edc67]" name="clean" is-config="true" duration-ms="273" started-at="2018-09-28T01:12:11Z" finished-at="2018-09-28T01:12:12Z">
          <reporter-output>
          </reporter-output>
        </test-method> <!-- clean -->
        <test-method status="PASS" signature="canGoToHelpPage()[pri:2, instance:com.pluralsight.UnitTest@224edc67]" name="canGoToHelpPage" duration-ms="19897" started-at="2018-09-28T01:12:12Z" finished-at="2018-09-28T01:12:31Z">
          <reporter-output>
          </reporter-output>
        </test-method> <!-- canGoToHelpPage -->
        <test-method status="PASS" signature="clean()[pri:0, instance:com.pluralsight.UnitTest@224edc67]" name="clean" is-config="true" duration-ms="413" started-at="2018-09-28T01:12:31Z" finished-at="2018-09-28T01:12:32Z">
          <reporter-output>
          </reporter-output>
        </test-method> <!-- clean -->
        <test-method status="PASS" signature="canGoToFindusPage()[pri:3, instance:com.pluralsight.UnitTest@224edc67]" name="canGoToFindusPage" duration-ms="14737" started-at="2018-09-28T01:12:32Z" finished-at="2018-09-28T01:12:47Z">
          <reporter-output>
          </reporter-output>
        </test-method> <!-- canGoToFindusPage -->
        <test-method status="PASS" signature="clean()[pri:0, instance:com.pluralsight.UnitTest@224edc67]" name="clean" is-config="true" duration-ms="1609" started-at="2018-09-28T01:12:47Z" finished-at="2018-09-28T01:12:48Z">
          <reporter-output>
          </reporter-output>
        </test-method> <!-- clean -->
      </class> <!-- com.pluralsight.UnitTest -->
    </test> <!-- Default test -->
  </suite> <!-- Default suite -->
</testng-results>
