<?xml version="1.0" encoding="UTF-8"?>
<testng-results skipped="0" failed="0" ignored="0" total="3" passed="3">
  <reporter-output>
  </reporter-output>
  <suite name="Default suite" duration-ms="36334" started-at="2018-09-29T22:21:25Z" finished-at="2018-09-29T22:22:01Z">
    <groups>
    </groups>
    <test name="Default test" duration-ms="36334" started-at="2018-09-29T22:21:25Z" finished-at="2018-09-29T22:22:01Z">
      <class name="com.pluralsight.RegressionTest">
        <test-method status="PASS" signature="canGoToHomePage()[pri:1, instance:com.pluralsight.RegressionTest@224edc67]" name="canGoToHomePage" duration-ms="11553" started-at="2018-09-30T03:51:25Z" finished-at="2018-09-30T03:51:36Z">
          <reporter-output>
          </reporter-output>
        </test-method> <!-- canGoToHomePage -->
        <test-method status="PASS" signature="clean()[pri:0, instance:com.pluralsight.RegressionTest@224edc67]" name="clean" is-config="true" duration-ms="2448" started-at="2018-09-30T03:51:36Z" finished-at="2018-09-30T03:51:39Z">
          <reporter-output>
          </reporter-output>
        </test-method> <!-- clean -->
        <test-method status="PASS" signature="canGoToHelpPage()[pri:2, instance:com.pluralsight.RegressionTest@224edc67]" name="canGoToHelpPage" duration-ms="8814" started-at="2018-09-30T03:51:39Z" finished-at="2018-09-30T03:51:47Z">
          <reporter-output>
          </reporter-output>
        </test-method> <!-- canGoToHelpPage -->
        <test-method status="PASS" signature="clean()[pri:0, instance:com.pluralsight.RegressionTest@224edc67]" name="clean" is-config="true" duration-ms="2400" started-at="2018-09-30T03:51:47Z" finished-at="2018-09-30T03:51:50Z">
          <reporter-output>
          </reporter-output>
        </test-method> <!-- clean -->
        <test-method status="PASS" signature="canGoToFindusPage()[pri:3, instance:com.pluralsight.RegressionTest@224edc67]" name="canGoToFindusPage" duration-ms="8900" started-at="2018-09-30T03:51:50Z" finished-at="2018-09-30T03:51:59Z">
          <reporter-output>
          </reporter-output>
        </test-method> <!-- canGoToFindusPage -->
        <test-method status="PASS" signature="clean()[pri:0, instance:com.pluralsight.RegressionTest@224edc67]" name="clean" is-config="true" duration-ms="2159" started-at="2018-09-30T03:51:59Z" finished-at="2018-09-30T03:52:01Z">
          <reporter-output>
          </reporter-output>
        </test-method> <!-- clean -->
      </class> <!-- com.pluralsight.RegressionTest -->
    </test> <!-- Default test -->
  </suite> <!-- Default suite -->
</testng-results>
