<?xml version="1.0" encoding="UTF-8"?>
<testng-results skipped="0" failed="0" ignored="0" total="4" passed="4">
  <reporter-output>
  </reporter-output>
  <suite name="Default suite" duration-ms="84770" started-at="2018-10-20T23:01:55Z" finished-at="2018-10-20T23:03:20Z">
    <groups>
    </groups>
    <test name="Default test" duration-ms="84770" started-at="2018-10-20T23:01:55Z" finished-at="2018-10-20T23:03:20Z">
      <class name="com.pluralsight.RegressionTest">
        <test-method status="PASS" signature="canGoToHomePage()[pri:1, instance:com.pluralsight.RegressionTest@5e5792a0]" name="canGoToHomePage" duration-ms="32007" started-at="2018-10-21T04:31:55Z" finished-at="2018-10-21T04:32:27Z">
          <reporter-output>
          </reporter-output>
        </test-method> <!-- canGoToHomePage -->
        <test-method status="PASS" signature="clean()[pri:0, instance:com.pluralsight.RegressionTest@5e5792a0]" name="clean" is-config="true" duration-ms="724" started-at="2018-10-21T04:32:27Z" finished-at="2018-10-21T04:32:28Z">
          <reporter-output>
          </reporter-output>
        </test-method> <!-- clean -->
        <test-method status="PASS" signature="canGoToHelpPage()[pri:2, instance:com.pluralsight.RegressionTest@5e5792a0]" name="canGoToHelpPage" duration-ms="14939" started-at="2018-10-21T04:32:28Z" finished-at="2018-10-21T04:32:42Z">
          <reporter-output>
          </reporter-output>
        </test-method> <!-- canGoToHelpPage -->
        <test-method status="PASS" signature="clean()[pri:0, instance:com.pluralsight.RegressionTest@5e5792a0]" name="clean" is-config="true" duration-ms="482" started-at="2018-10-21T04:32:42Z" finished-at="2018-10-21T04:32:43Z">
          <reporter-output>
          </reporter-output>
        </test-method> <!-- clean -->
        <test-method status="PASS" signature="canGoToFindusPage()[pri:3, instance:com.pluralsight.RegressionTest@5e5792a0]" name="canGoToFindusPage" duration-ms="12241" started-at="2018-10-21T04:32:43Z" finished-at="2018-10-21T04:32:55Z">
          <reporter-output>
          </reporter-output>
        </test-method> <!-- canGoToFindusPage -->
        <test-method status="PASS" signature="clean()[pri:0, instance:com.pluralsight.RegressionTest@5e5792a0]" name="clean" is-config="true" duration-ms="2542" started-at="2018-10-21T04:32:55Z" finished-at="2018-10-21T04:32:58Z">
          <reporter-output>
          </reporter-output>
        </test-method> <!-- clean -->
        <test-method status="PASS" signature="canGoToAccessibilityPage()[pri:4, instance:com.pluralsight.RegressionTest@5e5792a0]" name="canGoToAccessibilityPage" duration-ms="19269" started-at="2018-10-21T04:32:58Z" finished-at="2018-10-21T04:33:17Z">
          <reporter-output>
          </reporter-output>
        </test-method> <!-- canGoToAccessibilityPage -->
        <test-method status="PASS" signature="clean()[pri:0, instance:com.pluralsight.RegressionTest@5e5792a0]" name="clean" is-config="true" duration-ms="2481" started-at="2018-10-21T04:33:17Z" finished-at="2018-10-21T04:33:20Z">
          <reporter-output>
          </reporter-output>
        </test-method> <!-- clean -->
      </class> <!-- com.pluralsight.RegressionTest -->
    </test> <!-- Default test -->
  </suite> <!-- Default suite -->
</testng-results>
