<?xml version="1.0" encoding="UTF-8"?>
<testng-results skipped="0" failed="0" ignored="0" total="4" passed="4">
  <reporter-output>
  </reporter-output>
  <suite name="Default suite" duration-ms="75323" started-at="2018-10-20T11:49:40Z" finished-at="2018-10-20T11:50:56Z">
    <groups>
    </groups>
    <test name="Default test" duration-ms="75323" started-at="2018-10-20T11:49:40Z" finished-at="2018-10-20T11:50:56Z">
      <class name="com.pluralsight.RegressionTest">
        <test-method status="PASS" signature="canGoToHomePage()[pri:1, instance:com.pluralsight.RegressionTest@29774679]" name="canGoToHomePage" duration-ms="31178" started-at="2018-10-20T17:19:41Z" finished-at="2018-10-20T17:20:12Z">
          <reporter-output>
          </reporter-output>
        </test-method> <!-- canGoToHomePage -->
        <test-method status="PASS" signature="clean()[pri:0, instance:com.pluralsight.RegressionTest@29774679]" name="clean" is-config="true" duration-ms="237" started-at="2018-10-20T17:20:12Z" finished-at="2018-10-20T17:20:12Z">
          <reporter-output>
          </reporter-output>
        </test-method> <!-- clean -->
        <test-method status="PASS" signature="canGoToHelpPage()[pri:2, instance:com.pluralsight.RegressionTest@29774679]" name="canGoToHelpPage" duration-ms="10595" started-at="2018-10-20T17:20:12Z" finished-at="2018-10-20T17:20:23Z">
          <reporter-output>
          </reporter-output>
        </test-method> <!-- canGoToHelpPage -->
        <test-method status="PASS" signature="clean()[pri:0, instance:com.pluralsight.RegressionTest@29774679]" name="clean" is-config="true" duration-ms="2417" started-at="2018-10-20T17:20:23Z" finished-at="2018-10-20T17:20:25Z">
          <reporter-output>
          </reporter-output>
        </test-method> <!-- clean -->
        <test-method status="PASS" signature="canGoToFindusPage()[pri:3, instance:com.pluralsight.RegressionTest@29774679]" name="canGoToFindusPage" duration-ms="10592" started-at="2018-10-20T17:20:25Z" finished-at="2018-10-20T17:20:36Z">
          <reporter-output>
          </reporter-output>
        </test-method> <!-- canGoToFindusPage -->
        <test-method status="PASS" signature="clean()[pri:0, instance:com.pluralsight.RegressionTest@29774679]" name="clean" is-config="true" duration-ms="2186" started-at="2018-10-20T17:20:36Z" finished-at="2018-10-20T17:20:38Z">
          <reporter-output>
          </reporter-output>
        </test-method> <!-- clean -->
        <test-method status="PASS" signature="canGoToAccessibilityPage()[pri:4, instance:com.pluralsight.RegressionTest@29774679]" name="canGoToAccessibilityPage" duration-ms="15721" started-at="2018-10-20T17:20:38Z" finished-at="2018-10-20T17:20:53Z">
          <reporter-output>
          </reporter-output>
        </test-method> <!-- canGoToAccessibilityPage -->
        <test-method status="PASS" signature="clean()[pri:0, instance:com.pluralsight.RegressionTest@29774679]" name="clean" is-config="true" duration-ms="2328" started-at="2018-10-20T17:20:53Z" finished-at="2018-10-20T17:20:56Z">
          <reporter-output>
          </reporter-output>
        </test-method> <!-- clean -->
      </class> <!-- com.pluralsight.RegressionTest -->
    </test> <!-- Default test -->
  </suite> <!-- Default suite -->
</testng-results>
