<?xml version="1.0" encoding="UTF-8"?>
<!-- Generated by org.testng.reporters.JUnitXMLReporter -->
<testsuite hostname="DESKTOP-KSUCV8T" ignored="0" name="Default test" tests="4" failures="0" timestamp="20 Oct 2018 11:50:56 GMT" time="75.323" errors="0">
  <testcase name="canGoToHomePage" time="31.178" classname="com.pluralsight.RegressionTest"/>
  <testcase name="canGoToHelpPage" time="10.595" classname="com.pluralsight.RegressionTest"/>
  <testcase name="canGoToFindusPage" time="10.592" classname="com.pluralsight.RegressionTest"/>
  <testcase name="canGoToAccessibilityPage" time="15.721" classname="com.pluralsight.RegressionTest"/>
</testsuite> <!-- Default test -->
