<?xml version="1.0" encoding="UTF-8"?>
<!-- Generated by org.testng.reporters.JUnitXMLReporter -->
<testsuite hostname="DESKTOP-KSUCV8T" ignored="0" name="Default test" tests="4" failures="0" timestamp="20 Oct 2018 23:03:20 GMT" time="84.77" errors="0">
  <testcase name="canGoToHomePage" time="32.007" classname="com.pluralsight.RegressionTest"/>
  <testcase name="canGoToHelpPage" time="14.939" classname="com.pluralsight.RegressionTest"/>
  <testcase name="canGoToFindusPage" time="12.241" classname="com.pluralsight.RegressionTest"/>
  <testcase name="canGoToAccessibilityPage" time="19.269" classname="com.pluralsight.RegressionTest"/>
</testsuite> <!-- Default test -->
