<?xml version="1.0" encoding="UTF-8"?>
<!-- Generated by org.testng.reporters.JUnitXMLReporter -->
<testsuite hostname="DESKTOP-KSUCV8T" ignored="0" name="Test" tests="3" failures="0" timestamp="02 Oct 2018 21:38:30 GMT" time="85.602" errors="0">
  <testcase name="canGoToHomePage" time="42.555" classname="com.pluralsight.UnitTest"/>
  <testcase name="canGoToHelpPage" time="22.953" classname="com.pluralsight.UnitTest"/>
  <testcase name="canGoToFindusPage" time="13.577" classname="com.pluralsight.UnitTest"/>
</testsuite> <!-- Test -->
