<?xml version="1.0" encoding="UTF-8"?>
<!-- Generated by org.testng.reporters.JUnitXMLReporter -->
<testsuite hostname="DESKTOP-KSUCV8T" ignored="0" name="Default test" tests="3" failures="0" timestamp="29 Sep 2018 22:22:01 GMT" time="36.334" errors="0">
  <testcase name="canGoToHomePage" time="11.553" classname="com.pluralsight.RegressionTest"/>
  <testcase name="canGoToHelpPage" time="8.814" classname="com.pluralsight.RegressionTest"/>
  <testcase name="canGoToFindusPage" time="8.9" classname="com.pluralsight.RegressionTest"/>
</testsuite> <!-- Default test -->
