<?xml version="1.0" encoding="UTF-8"?>
<!-- Generated by org.testng.reporters.JUnitXMLReporter -->
<testsuite hostname="DESKTOP-KSUCV8T" ignored="0" name="Default test" tests="3" failures="0" timestamp="27 Sep 2018 19:42:48 GMT" time="57.494" errors="0">
  <testcase name="canGoToHomePage" time="20.516" classname="com.pluralsight.UnitTest"/>
  <testcase name="canGoToHelpPage" time="19.897" classname="com.pluralsight.UnitTest"/>
  <testcase name="canGoToFindusPage" time="14.737" classname="com.pluralsight.UnitTest"/>
</testsuite> <!-- Default test -->
