<?xml version="1.0" encoding="UTF-8"?>
<testng-results skipped="0" failed="0" ignored="0" total="1" passed="1">
  <reporter-output>
  </reporter-output>
  <suite name="Default suite" duration-ms="33400" started-at="2018-09-15T23:33:56Z" finished-at="2018-09-15T23:34:29Z">
    <groups>
    </groups>
    <test name="Default test" duration-ms="33400" started-at="2018-09-15T23:33:56Z" finished-at="2018-09-15T23:34:29Z">
      <class name="Dell.DellTest.AppTest">
        <test-method status="PASS" signature="setup()[pri:0, instance:Dell.DellTest.AppTest@77cd7a0]" name="setup" is-config="true" duration-ms="24008" started-at="2018-09-15T23:33:56Z" finished-at="2018-09-15T23:34:20Z">
          <reporter-output>
          </reporter-output>
        </test-method> <!-- setup -->
        <test-method status="PASS" signature="test()[pri:0, instance:Dell.DellTest.AppTest@77cd7a0]" name="test" duration-ms="8083" started-at="2018-09-15T23:34:20Z" finished-at="2018-09-15T23:34:28Z">
          <reporter-output>
          </reporter-output>
        </test-method> <!-- test -->
        <test-method status="PASS" signature="teardown()[pri:0, instance:Dell.DellTest.AppTest@77cd7a0]" name="teardown" is-config="true" duration-ms="1263" started-at="2018-09-15T23:34:28Z" finished-at="2018-09-15T23:34:29Z">
          <reporter-output>
          </reporter-output>
        </test-method> <!-- teardown -->
      </class> <!-- Dell.DellTest.AppTest -->
    </test> <!-- Default test -->
  </suite> <!-- Default suite -->
</testng-results>
